d:\exercise_w\warchess3\warchess3\debug\moc_mainscene.obj
d:\exercise_w\warchess3\warchess3\debug\qrc_mainscene.obj
d:\exercise_w\warchess3\warchess3\debug\vc142.pdb
d:\exercise_w\warchess3\warchess3\debug\moc_base.obj
d:\exercise_w\warchess3\warchess3\debug\moc_gamelabel.obj
d:\exercise_w\warchess3\warchess3\debug\moc_guidescene.obj
d:\exercise_w\warchess3\warchess3\debug\moc_characterlabel.obj
d:\exercise_w\warchess3\warchess3\debug\moc_character.obj
d:\exercise_w\warchess3\warchess3\debug\moc_gamescene.obj
d:\exercise_w\warchess3\warchess3\debug\moc_aicontroller.obj
d:\exercise_w\warchess3\warchess3\debug\moc_animation.obj
d:\exercise_w\warchess3\warchess3\debug\moc_ai.obj
d:\exercise_w\warchess3\warchess3\debug\moc_playingmenu.obj
d:\exercise_w\warchess3\warchess3\debug\main.obj
d:\exercise_w\warchess3\warchess3\debug\characterlabel.obj
d:\exercise_w\warchess3\warchess3\debug\mainscene.obj
d:\exercise_w\warchess3\warchess3\debug\playingmenu.obj
d:\exercise_w\warchess3\warchess3\debug\gamescene.obj
d:\exercise_w\warchess3\warchess3\debug\gamelabel.obj
d:\exercise_w\warchess3\warchess3\debug\animation.obj
d:\exercise_w\warchess3\warchess3\debug\characterrole.obj
d:\exercise_w\warchess3\warchess3\debug\character.obj
d:\exercise_w\warchess3\warchess3\debug\ai.obj
d:\exercise_w\warchess3\warchess3\debug\algorithm.obj
d:\exercise_w\warchess3\warchess3\debug\aicontroller.obj
d:\exercise_w\warchess3\warchess3\debug\guidescene.obj
d:\exercise_w\warchess3\warchess3\debug\base.obj
d:\exercise_w\warchess3\warchess3\debug\gamemap.obj
d:\exercise_w\warchess3\debug\warchess3.exe
d:\exercise_w\warchess3\debug\warchess3.ilk
d:\exercise_w\warchess3\debug\warchess3.pdb
d:\exercise_w\warchess3\warchess3\debug\moc\moc_gamescene.cpp
d:\exercise_w\warchess3\warchess3\debug\rcc\qrc_mainscene.cpp
d:\exercise_w\warchess3\warchess3\debug\uic\ui_mainscene.h
d:\exercise_w\warchess3\warchess3\debug\moc\moc_mainscene.cpp
d:\exercise_w\warchess3\warchess3\debug\moc\moc_ai.cpp
d:\exercise_w\warchess3\warchess3\debug\moc\moc_aicontroller.cpp
d:\exercise_w\warchess3\warchess3\debug\moc\moc_animation.cpp
d:\exercise_w\warchess3\warchess3\debug\moc\moc_base.cpp
d:\exercise_w\warchess3\warchess3\debug\moc\moc_character.cpp
d:\exercise_w\warchess3\warchess3\debug\moc\moc_characterlabel.cpp
d:\exercise_w\warchess3\warchess3\debug\moc\moc_gamelabel.cpp
d:\exercise_w\warchess3\warchess3\debug\moc\moc_guidescene.cpp
d:\exercise_w\warchess3\warchess3\debug\moc\moc_playingmenu.cpp
d:\exercise_w\warchess3\warchess3\debug\warchess3.tlog\cl.command.1.tlog
d:\exercise_w\warchess3\warchess3\debug\warchess3.tlog\cl.read.1.tlog
d:\exercise_w\warchess3\warchess3\debug\warchess3.tlog\cl.write.1.tlog
d:\exercise_w\warchess3\warchess3\debug\warchess3.tlog\link.command.1.tlog
d:\exercise_w\warchess3\warchess3\debug\warchess3.tlog\link.read.1.tlog
d:\exercise_w\warchess3\warchess3\debug\warchess3.tlog\link.write.1.tlog
d:\exercise_w\warchess3\warchess3\debug\warchess3.tlog\moc.read.1u.tlog
d:\exercise_w\warchess3\warchess3\debug\warchess3.tlog\moc.write.1u.tlog
d:\exercise_w\warchess3\warchess3\debug\warchess3.tlog\rcc.read.1u.tlog
d:\exercise_w\warchess3\warchess3\debug\warchess3.tlog\rcc.write.1u.tlog
d:\exercise_w\warchess3\warchess3\debug\warchess3.tlog\uic.read.1u.tlog
d:\exercise_w\warchess3\warchess3\debug\warchess3.tlog\uic.write.1u.tlog
d:\exercise_w\warchess3\warchess3\debug\warchess3.tlog\warchess3.write.1u.tlog
