d:\exercise_w\warchess3\warchess3\release\aicontroller.obj
d:\exercise_w\warchess3\warchess3\release\characterrole.obj
d:\exercise_w\warchess3\warchess3\release\characterlabel.obj
d:\exercise_w\warchess3\warchess3\release\main.obj
d:\exercise_w\warchess3\warchess3\release\ai.obj
d:\exercise_w\warchess3\warchess3\release\gamemap.obj
d:\exercise_w\warchess3\warchess3\release\base.obj
d:\exercise_w\warchess3\warchess3\release\guidescene.obj
d:\exercise_w\warchess3\warchess3\release\playingmenu.obj
d:\exercise_w\warchess3\warchess3\release\gamelabel.obj
d:\exercise_w\warchess3\warchess3\release\algorithm.obj
d:\exercise_w\warchess3\warchess3\release\mainscene.obj
d:\exercise_w\warchess3\warchess3\release\animation.obj
d:\exercise_w\warchess3\warchess3\release\gamescene.obj
d:\exercise_w\warchess3\warchess3\release\character.obj
d:\exercise_w\warchess3\warchess3\release\moc_animation.obj
d:\exercise_w\warchess3\warchess3\release\moc_characterlabel.obj
d:\exercise_w\warchess3\warchess3\release\moc_gamelabel.obj
d:\exercise_w\warchess3\warchess3\release\moc_guidescene.obj
d:\exercise_w\warchess3\warchess3\release\qrc_mainscene.obj
d:\exercise_w\warchess3\warchess3\release\moc_gamescene.obj
d:\exercise_w\warchess3\warchess3\release\moc_ai.obj
d:\exercise_w\warchess3\warchess3\release\moc_playingmenu.obj
d:\exercise_w\warchess3\warchess3\release\moc_base.obj
d:\exercise_w\warchess3\warchess3\release\moc_character.obj
d:\exercise_w\warchess3\warchess3\release\moc_aicontroller.obj
d:\exercise_w\warchess3\release\warchess3.exe
d:\exercise_w\warchess3\warchess3\release\moc\moc_ai.cpp
d:\exercise_w\warchess3\warchess3\release\moc\moc_aicontroller.cpp
d:\exercise_w\warchess3\warchess3\release\moc\moc_animation.cpp
d:\exercise_w\warchess3\warchess3\release\moc\moc_base.cpp
d:\exercise_w\warchess3\warchess3\release\moc\moc_character.cpp
d:\exercise_w\warchess3\warchess3\release\moc\moc_characterlabel.cpp
d:\exercise_w\warchess3\warchess3\release\moc\moc_gamelabel.cpp
d:\exercise_w\warchess3\warchess3\release\moc\moc_gamescene.cpp
d:\exercise_w\warchess3\warchess3\release\moc\moc_guidescene.cpp
d:\exercise_w\warchess3\warchess3\release\moc\moc_playingmenu.cpp
d:\exercise_w\warchess3\warchess3\release\rcc\qrc_mainscene.cpp
d:\exercise_w\warchess3\warchess3\release\uic\ui_mainscene.h
d:\exercise_w\warchess3\warchess3\release\warchess3.tlog\cl.11420.write.1.tlog
d:\exercise_w\warchess3\warchess3\release\warchess3.tlog\cl.command.1.tlog
d:\exercise_w\warchess3\warchess3\release\warchess3.tlog\cl.read.1.tlog
d:\exercise_w\warchess3\warchess3\release\warchess3.tlog\link.command.1.tlog
d:\exercise_w\warchess3\warchess3\release\warchess3.tlog\link.read.1.tlog
d:\exercise_w\warchess3\warchess3\release\warchess3.tlog\link.write.1.tlog
d:\exercise_w\warchess3\warchess3\release\warchess3.tlog\moc.read.1u.tlog
d:\exercise_w\warchess3\warchess3\release\warchess3.tlog\moc.write.1u.tlog
d:\exercise_w\warchess3\warchess3\release\warchess3.tlog\rcc.read.1u.tlog
d:\exercise_w\warchess3\warchess3\release\warchess3.tlog\rcc.write.1u.tlog
d:\exercise_w\warchess3\warchess3\release\warchess3.tlog\uic.read.1u.tlog
d:\exercise_w\warchess3\warchess3\release\warchess3.tlog\uic.write.1u.tlog
d:\exercise_w\warchess3\warchess3\release\warchess3.tlog\warchess3.write.1u.tlog
